五月 13, 2014 11:14:56 下午 org.apache.catalina.core.AprLifecycleListener init
信息: The APR based Apache Tomcat Native library which allows optimal performance in production environments was not found on the java.library.path: C:\Program Files (x86)\Java\jdk1.7.0_55\bin;C:\Windows\Sun\Java\bin;C:\Windows\system32;C:\Windows;C:\Program Files (x86)\Java\jdk1.7.0_55\bin;E:\app\DA\product\11.2.0\dbhome_2\bin;D:\android\adt-bundle-windows-x86-20130219\adt-bundle-windows-x86-20130219\sdk\platform-tools;D:\android\adt-bundle-windows-x86-20130219\adt-bundle-windows-x86-20130219\sdk\tools;C:\Windows\system32;C:\Windows;C:\Windows\System32\Wbem;C:\Windows\System32\WindowsPowerShell\v1.0\;C:\Program Files (x86)\ATI Technologies\ATI.ACE\Core-Static;E:\安装\Rational Rose\common;F:\mysql\bin;E:\java需要的包\cxf\apache-cxf-2.7.0\apache-cxf-2.7.0\bin;C:\Program Files (x86)\Subversion\bin;C:\Program Files\TortoiseSVN\bin;x:\tomcat\bin;E:\java需要的包\maven\apache-maven-3.0.5-bin\apache-maven-3.0.5\bin;E:\java需要的包\maven\nexus-2.7.0-06-bundle.tar.gz\nexus-2.7.0-06\bin;C:\Program Files\MySQL\MySQL Server 5.5\bin;.
五月 13, 2014 11:14:59 下午 org.apache.coyote.http11.Http11Protocol init
信息: Initializing Coyote HTTP/1.1 on http-80
五月 13, 2014 11:14:59 下午 org.apache.catalina.startup.Catalina load
信息: Initialization processed in 4950 ms
五月 13, 2014 11:14:59 下午 org.apache.catalina.core.StandardService start
信息: Starting service Catalina
五月 13, 2014 11:14:59 下午 org.apache.catalina.core.StandardEngine start
信息: Starting Servlet Engine: Apache Tomcat/6.0.37
五月 13, 2014 11:15:55 下午 org.apache.catalina.startup.HostConfig deployDescriptor
信息: Deploying configuration descriptor host-manager.xml
五月 13, 2014 11:15:55 下午 org.apache.catalina.startup.HostConfig deployDescriptor
信息: Deploying configuration descriptor manager.xml
五月 13, 2014 11:15:55 下午 org.apache.coyote.http11.Http11Protocol start
信息: Starting Coyote HTTP/1.1 on http-80
五月 13, 2014 11:15:56 下午 org.apache.jk.common.ChannelSocket init
信息: JK: ajp13 listening on /0.0.0.0:8010
五月 13, 2014 11:15:56 下午 org.apache.jk.server.JkMain start
信息: Jk running ID=0 time=0/191  config=null
五月 13, 2014 11:15:56 下午 org.apache.catalina.startup.Catalina start
信息: Server startup in 57143 ms
