2013-11-1 9:37:20 org.apache.catalina.core.AprLifecycleListener init
信息: The APR based Apache Tomcat Native library which allows optimal performance in production environments was not found on the java.library.path: C:\Program Files (x86)\Java\jdk1.6.0_10\bin;.;C:\Windows\Sun\Java\bin;C:\Windows\system32;C:\Windows;C:\Program Files (x86)\Java\jdk1.6.0_10\bin;E:\app\DA\product\11.2.0\dbhome_2\bin;C:\Program Files (x86)\Java\jdk1.7.0_17\bin;D:\android\adt-bundle-windows-x86-20130219\adt-bundle-windows-x86-20130219\sdk\platform-tools;D:\android\adt-bundle-windows-x86-20130219\adt-bundle-windows-x86-20130219\sdk\tools;C:\Program Files (x86)\Java\jre6\bin;C:\Program Files (x86)\Java\jre7\bin;C:\Program Files (x86)\Java\jre7\bin;C:\Program Files (x86)\Java\jre6\bin;C:\Windows\system32;C:\Windows;C:\Windows\System32\Wbem;C:\Windows\System32\WindowsPowerShell\v1.0\;C:\Program Files (x86)\ATI Technologies\ATI.ACE\Core-Static;E:\安装\Rational Rose\common
2013-11-1 9:37:22 org.apache.coyote.http11.Http11Protocol init
信息: Initializing Coyote HTTP/1.1 on http-80
2013-11-1 9:37:22 org.apache.catalina.startup.Catalina load
信息: Initialization processed in 3247 ms
2013-11-1 9:37:22 org.apache.catalina.core.StandardService start
信息: Starting service Catalina
2013-11-1 9:37:22 org.apache.catalina.core.StandardEngine start
信息: Starting Servlet Engine: Apache Tomcat/6.0.37
2013-11-1 9:37:33 org.apache.catalina.startup.HostConfig deployDescriptor
信息: Deploying configuration descriptor host-manager.xml
2013-11-1 9:37:33 org.apache.catalina.startup.HostConfig deployDescriptor
信息: Deploying configuration descriptor manager.xml
2013-11-1 9:37:33 org.apache.catalina.startup.HostConfig deployDirectory
信息: Deploying web application directory houserent
2013-11-1 9:37:37 com.opensymphony.xwork2.util.logging.commons.CommonsLogger info
信息: Parsing configuration file [struts-default.xml]
2013-11-1 9:37:39 com.opensymphony.xwork2.util.logging.commons.CommonsLogger info
信息: Parsing configuration file [struts-plugin.xml]
2013-11-1 9:37:39 com.opensymphony.xwork2.util.logging.commons.CommonsLogger info
信息: Parsing configuration file [struts.xml]
2013-11-1 9:37:39 com.opensymphony.xwork2.util.logging.commons.CommonsLogger info
信息: Overriding property struts.i18n.reload - old value: false new value: true
2013-11-1 9:37:39 com.opensymphony.xwork2.util.logging.commons.CommonsLogger info
信息: Overriding property struts.configuration.xml.reload - old value: false new value: true
2013-11-1 9:37:40 com.opensymphony.xwork2.util.logging.commons.CommonsLogger warn
警告: no default parameter defined for result of type json
2013-11-1 9:37:41 org.apache.coyote.http11.Http11Protocol start
信息: Starting Coyote HTTP/1.1 on http-80
2013-11-1 9:37:42 org.apache.jk.common.ChannelSocket init
信息: JK: ajp13 listening on /0.0.0.0:8009
2013-11-1 9:37:42 org.apache.jk.server.JkMain start
信息: Jk running ID=0 time=0/224  config=null
2013-11-1 9:37:42 org.apache.catalina.startup.Catalina start
信息: Server startup in 19499 ms
2013-11-1 9:38:14 org.apache.catalina.core.AprLifecycleListener init
信息: The APR based Apache Tomcat Native library which allows optimal performance in production environments was not found on the java.library.path: C:\Program Files (x86)\Java\jdk1.6.0_10\bin;.;C:\Windows\Sun\Java\bin;C:\Windows\system32;C:\Windows;C:\Program Files (x86)\Java\jdk1.6.0_10\bin;E:\app\DA\product\11.2.0\dbhome_2\bin;C:\Program Files (x86)\Java\jdk1.7.0_17\bin;D:\android\adt-bundle-windows-x86-20130219\adt-bundle-windows-x86-20130219\sdk\platform-tools;D:\android\adt-bundle-windows-x86-20130219\adt-bundle-windows-x86-20130219\sdk\tools;C:\Program Files (x86)\Java\jre6\bin;C:\Program Files (x86)\Java\jre7\bin;C:\Program Files (x86)\Java\jre7\bin;C:\Program Files (x86)\Java\jre6\bin;C:\Windows\system32;C:\Windows;C:\Windows\System32\Wbem;C:\Windows\System32\WindowsPowerShell\v1.0\;C:\Program Files (x86)\ATI Technologies\ATI.ACE\Core-Static;E:\安装\Rational Rose\common
2013-11-1 9:38:14 org.apache.coyote.http11.Http11Protocol init
信息: Initializing Coyote HTTP/1.1 on http-80
2013-11-1 9:38:14 org.apache.catalina.startup.Catalina load
信息: Initialization processed in 436 ms
2013-11-1 9:38:14 org.apache.catalina.core.StandardService start
信息: Starting service Catalina
2013-11-1 9:38:14 org.apache.catalina.core.StandardEngine start
信息: Starting Servlet Engine: Apache Tomcat/6.0.37
2013-11-1 9:38:19 org.apache.catalina.startup.HostConfig deployDescriptor
信息: Deploying configuration descriptor host-manager.xml
2013-11-1 9:38:19 org.apache.catalina.startup.HostConfig deployDescriptor
信息: Deploying configuration descriptor manager.xml
2013-11-1 9:38:19 org.apache.catalina.startup.HostConfig deployDirectory
信息: Deploying web application directory houserent
2013-11-1 9:38:19 com.opensymphony.xwork2.util.logging.commons.CommonsLogger info
信息: Parsing configuration file [struts-default.xml]
2013-11-1 9:38:19 com.opensymphony.xwork2.util.logging.commons.CommonsLogger info
信息: Parsing configuration file [struts-plugin.xml]
2013-11-1 9:38:19 com.opensymphony.xwork2.util.logging.commons.CommonsLogger info
信息: Parsing configuration file [struts.xml]
2013-11-1 9:38:19 com.opensymphony.xwork2.util.logging.commons.CommonsLogger info
信息: Overriding property struts.i18n.reload - old value: false new value: true
2013-11-1 9:38:19 com.opensymphony.xwork2.util.logging.commons.CommonsLogger info
信息: Overriding property struts.configuration.xml.reload - old value: false new value: true
2013-11-1 9:38:20 com.opensymphony.xwork2.util.logging.commons.CommonsLogger warn
警告: no default parameter defined for result of type json
2013-11-1 9:38:20 org.apache.coyote.http11.Http11Protocol start
信息: Starting Coyote HTTP/1.1 on http-80
2013-11-1 9:38:20 org.apache.jk.common.ChannelSocket init
信息: JK: ajp13 listening on /0.0.0.0:8009
2013-11-1 9:38:20 org.apache.jk.server.JkMain start
信息: Jk running ID=0 time=0/18  config=null
2013-11-1 9:38:20 org.apache.catalina.startup.Catalina start
信息: Server startup in 5457 ms
2013-11-1 9:40:58 org.apache.catalina.core.AprLifecycleListener init
信息: The APR based Apache Tomcat Native library which allows optimal performance in production environments was not found on the java.library.path: C:\Program Files (x86)\Java\jdk1.6.0_10\bin;.;C:\Windows\Sun\Java\bin;C:\Windows\system32;C:\Windows;C:\Program Files (x86)\Java\jdk1.6.0_10\bin;E:\app\DA\product\11.2.0\dbhome_2\bin;C:\Program Files (x86)\Java\jdk1.7.0_17\bin;D:\android\adt-bundle-windows-x86-20130219\adt-bundle-windows-x86-20130219\sdk\platform-tools;D:\android\adt-bundle-windows-x86-20130219\adt-bundle-windows-x86-20130219\sdk\tools;C:\Program Files (x86)\Java\jre6\bin;C:\Program Files (x86)\Java\jre7\bin;C:\Program Files (x86)\Java\jre7\bin;C:\Program Files (x86)\Java\jre6\bin;C:\Windows\system32;C:\Windows;C:\Windows\System32\Wbem;C:\Windows\System32\WindowsPowerShell\v1.0\;C:\Program Files (x86)\ATI Technologies\ATI.ACE\Core-Static;E:\安装\Rational Rose\common
2013-11-1 9:40:58 org.apache.coyote.http11.Http11Protocol init
信息: Initializing Coyote HTTP/1.1 on http-80
2013-11-1 9:40:58 org.apache.catalina.startup.Catalina load
信息: Initialization processed in 465 ms
2013-11-1 9:40:58 org.apache.catalina.core.StandardService start
信息: Starting service Catalina
2013-11-1 9:40:58 org.apache.catalina.core.StandardEngine start
信息: Starting Servlet Engine: Apache Tomcat/6.0.37
2013-11-1 9:41:04 org.apache.catalina.startup.HostConfig deployDescriptor
信息: Deploying configuration descriptor host-manager.xml
2013-11-1 9:41:04 org.apache.catalina.startup.HostConfig deployDescriptor
信息: Deploying configuration descriptor manager.xml
2013-11-1 9:41:04 org.apache.catalina.startup.HostConfig deployDirectory
信息: Deploying web application directory houserent
2013-11-1 9:41:05 com.opensymphony.xwork2.util.logging.commons.CommonsLogger info
信息: Parsing configuration file [struts-default.xml]
2013-11-1 9:41:05 com.opensymphony.xwork2.util.logging.commons.CommonsLogger info
信息: Parsing configuration file [struts-plugin.xml]
2013-11-1 9:41:05 com.opensymphony.xwork2.util.logging.commons.CommonsLogger info
信息: Parsing configuration file [struts.xml]
2013-11-1 9:41:05 com.opensymphony.xwork2.util.logging.commons.CommonsLogger info
信息: Overriding property struts.i18n.reload - old value: false new value: true
2013-11-1 9:41:05 com.opensymphony.xwork2.util.logging.commons.CommonsLogger info
信息: Overriding property struts.configuration.xml.reload - old value: false new value: true
2013-11-1 9:41:05 com.opensymphony.xwork2.util.logging.commons.CommonsLogger warn
警告: no default parameter defined for result of type json
2013-11-1 9:41:05 org.apache.coyote.http11.Http11Protocol start
信息: Starting Coyote HTTP/1.1 on http-80
2013-11-1 9:41:05 org.apache.jk.common.ChannelSocket init
信息: JK: ajp13 listening on /0.0.0.0:8009
2013-11-1 9:41:05 org.apache.jk.server.JkMain start
信息: Jk running ID=0 time=0/17  config=null
2013-11-1 9:41:05 org.apache.catalina.startup.Catalina start
信息: Server startup in 7131 ms
