2013-9-22 8:41:07 org.apache.catalina.core.ApplicationContext log
信息: ContextListener: contextInitialized()
2013-9-22 8:41:07 org.apache.catalina.core.ApplicationContext log
信息: SessionListener: contextInitialized()
2013-9-22 9:24:31 org.apache.catalina.core.ApplicationContext log
信息: ContextListener: contextInitialized()
2013-9-22 9:24:31 org.apache.catalina.core.ApplicationContext log
信息: SessionListener: contextInitialized()
2013-9-22 9:24:43 org.apache.catalina.core.StandardWrapperValve invoke
严重: Servlet.service() for servlet jsp threw exception
org.apache.jasper.JasperException: The absolute uri: http://java.sun.com/jsp/jstl/core cannot be resolved in either web.xml or the jar files deployed with this application
	at org.apache.jasper.compiler.DefaultErrorHandler.jspError(DefaultErrorHandler.java:51)
	at org.apache.jasper.compiler.ErrorDispatcher.dispatch(ErrorDispatcher.java:409)
	at org.apache.jasper.compiler.ErrorDispatcher.jspError(ErrorDispatcher.java:116)
	at org.apache.jasper.compiler.TagLibraryInfoImpl.generateTLDLocation(TagLibraryInfoImpl.java:316)
	at org.apache.jasper.compiler.TagLibraryInfoImpl.<init>(TagLibraryInfoImpl.java:149)
	at org.apache.jasper.compiler.Parser.parseTaglibDirective(Parser.java:386)
	at org.apache.jasper.compiler.Parser.parseDirective(Parser.java:450)
	at org.apache.jasper.compiler.Parser.parseElements(Parser.java:1399)
	at org.apache.jasper.compiler.Parser.parse(Parser.java:130)
	at org.apache.jasper.compiler.ParserController.doParse(ParserController.java:255)
	at org.apache.jasper.compiler.ParserController.parse(ParserController.java:103)
	at org.apache.jasper.compiler.Compiler.generateJava(Compiler.java:185)
	at org.apache.jasper.compiler.Compiler.compile(Compiler.java:354)
	at org.apache.jasper.compiler.Compiler.compile(Compiler.java:334)
	at org.apache.jasper.compiler.Compiler.compile(Compiler.java:321)
	at org.apache.jasper.JspCompilationContext.compile(JspCompilationContext.java:592)
	at org.apache.jasper.servlet.JspServletWrapper.service(JspServletWrapper.java:328)
	at org.apache.jasper.servlet.JspServlet.serviceJspFile(JspServlet.java:313)
	at org.apache.jasper.servlet.JspServlet.service(JspServlet.java:260)
	at javax.servlet.http.HttpServlet.service(HttpServlet.java:723)
	at org.apache.catalina.core.ApplicationFilterChain.internalDoFilter(ApplicationFilterChain.java:290)
	at org.apache.catalina.core.ApplicationFilterChain.doFilter(ApplicationFilterChain.java:206)
	at com.boyang.chenweida.filter.DateHeaderFilfer.doFilter(DateHeaderFilfer.java:25)
	at org.apache.catalina.core.ApplicationFilterChain.internalDoFilter(ApplicationFilterChain.java:235)
	at org.apache.catalina.core.ApplicationFilterChain.doFilter(ApplicationFilterChain.java:206)
	at org.apache.catalina.core.StandardWrapperValve.invoke(StandardWrapperValve.java:233)
	at org.apache.catalina.core.StandardContextValve.invoke(StandardContextValve.java:191)
	at org.apache.catalina.core.StandardHostValve.invoke(StandardHostValve.java:127)
	at org.apache.catalina.valves.ErrorReportValve.invoke(ErrorReportValve.java:103)
	at org.apache.catalina.core.StandardEngineValve.invoke(StandardEngineValve.java:109)
	at org.apache.catalina.connector.CoyoteAdapter.service(CoyoteAdapter.java:293)
	at org.apache.coyote.http11.Http11Processor.process(Http11Processor.java:861)
	at org.apache.coyote.http11.Http11Protocol$Http11ConnectionHandler.process(Http11Protocol.java:606)
	at org.apache.tomcat.util.net.JIoEndpoint$Worker.run(JIoEndpoint.java:489)
	at java.lang.Thread.run(Thread.java:619)
2013-9-22 9:24:43 org.apache.catalina.core.StandardWrapperValve invoke
严重: Servlet.service() for servlet jsp threw exception
org.apache.jasper.JasperException: The absolute uri: http://java.sun.com/jsp/jstl/core cannot be resolved in either web.xml or the jar files deployed with this application
	at org.apache.jasper.compiler.DefaultErrorHandler.jspError(DefaultErrorHandler.java:51)
	at org.apache.jasper.compiler.ErrorDispatcher.dispatch(ErrorDispatcher.java:409)
	at org.apache.jasper.compiler.ErrorDispatcher.jspError(ErrorDispatcher.java:116)
	at org.apache.jasper.compiler.TagLibraryInfoImpl.generateTLDLocation(TagLibraryInfoImpl.java:316)
	at org.apache.jasper.compiler.TagLibraryInfoImpl.<init>(TagLibraryInfoImpl.java:149)
	at org.apache.jasper.compiler.Parser.parseTaglibDirective(Parser.java:386)
	at org.apache.jasper.compiler.Parser.parseDirective(Parser.java:450)
	at org.apache.jasper.compiler.Parser.parseElements(Parser.java:1399)
	at org.apache.jasper.compiler.Parser.parse(Parser.java:130)
	at org.apache.jasper.compiler.ParserController.doParse(ParserController.java:255)
	at org.apache.jasper.compiler.ParserController.parse(ParserController.java:103)
	at org.apache.jasper.compiler.Compiler.generateJava(Compiler.java:185)
	at org.apache.jasper.compiler.Compiler.compile(Compiler.java:354)
	at org.apache.jasper.compiler.Compiler.compile(Compiler.java:334)
	at org.apache.jasper.compiler.Compiler.compile(Compiler.java:321)
	at org.apache.jasper.JspCompilationContext.compile(JspCompilationContext.java:592)
	at org.apache.jasper.servlet.JspServletWrapper.service(JspServletWrapper.java:328)
	at org.apache.jasper.servlet.JspServlet.serviceJspFile(JspServlet.java:313)
	at org.apache.jasper.servlet.JspServlet.service(JspServlet.java:260)
	at javax.servlet.http.HttpServlet.service(HttpServlet.java:723)
	at org.apache.catalina.core.ApplicationFilterChain.internalDoFilter(ApplicationFilterChain.java:290)
	at org.apache.catalina.core.ApplicationFilterChain.doFilter(ApplicationFilterChain.java:206)
	at org.apache.catalina.core.StandardWrapperValve.invoke(StandardWrapperValve.java:233)
	at org.apache.catalina.core.StandardContextValve.invoke(StandardContextValve.java:191)
	at org.apache.catalina.core.StandardHostValve.invoke(StandardHostValve.java:127)
	at org.apache.catalina.valves.ErrorReportValve.invoke(ErrorReportValve.java:103)
	at org.apache.catalina.core.StandardEngineValve.invoke(StandardEngineValve.java:109)
	at org.apache.catalina.connector.CoyoteAdapter.service(CoyoteAdapter.java:293)
	at org.apache.coyote.http11.Http11Processor.process(Http11Processor.java:861)
	at org.apache.coyote.http11.Http11Protocol$Http11ConnectionHandler.process(Http11Protocol.java:606)
	at org.apache.tomcat.util.net.JIoEndpoint$Worker.run(JIoEndpoint.java:489)
	at java.lang.Thread.run(Thread.java:619)
2013-9-22 9:26:25 org.apache.catalina.core.StandardWrapperValve invoke
严重: Servlet.service() for servlet jsp threw exception
org.apache.jasper.JasperException: The absolute uri: http://java.sun.com/jsp/jstl/core cannot be resolved in either web.xml or the jar files deployed with this application
	at org.apache.jasper.compiler.DefaultErrorHandler.jspError(DefaultErrorHandler.java:51)
	at org.apache.jasper.compiler.ErrorDispatcher.dispatch(ErrorDispatcher.java:409)
	at org.apache.jasper.compiler.ErrorDispatcher.jspError(ErrorDispatcher.java:116)
	at org.apache.jasper.compiler.TagLibraryInfoImpl.generateTLDLocation(TagLibraryInfoImpl.java:316)
	at org.apache.jasper.compiler.TagLibraryInfoImpl.<init>(TagLibraryInfoImpl.java:149)
	at org.apache.jasper.compiler.Parser.parseTaglibDirective(Parser.java:386)
	at org.apache.jasper.compiler.Parser.parseDirective(Parser.java:450)
	at org.apache.jasper.compiler.Parser.parseElements(Parser.java:1399)
	at org.apache.jasper.compiler.Parser.parse(Parser.java:130)
	at org.apache.jasper.compiler.ParserController.doParse(ParserController.java:255)
	at org.apache.jasper.compiler.ParserController.parse(ParserController.java:103)
	at org.apache.jasper.compiler.Compiler.generateJava(Compiler.java:185)
	at org.apache.jasper.compiler.Compiler.compile(Compiler.java:354)
	at org.apache.jasper.compiler.Compiler.compile(Compiler.java:334)
	at org.apache.jasper.compiler.Compiler.compile(Compiler.java:321)
	at org.apache.jasper.JspCompilationContext.compile(JspCompilationContext.java:592)
	at org.apache.jasper.servlet.JspServletWrapper.service(JspServletWrapper.java:328)
	at org.apache.jasper.servlet.JspServlet.serviceJspFile(JspServlet.java:313)
	at org.apache.jasper.servlet.JspServlet.service(JspServlet.java:260)
	at javax.servlet.http.HttpServlet.service(HttpServlet.java:723)
	at org.apache.catalina.core.ApplicationFilterChain.internalDoFilter(ApplicationFilterChain.java:290)
	at org.apache.catalina.core.ApplicationFilterChain.doFilter(ApplicationFilterChain.java:206)
	at org.apache.catalina.core.StandardWrapperValve.invoke(StandardWrapperValve.java:233)
	at org.apache.catalina.core.StandardContextValve.invoke(StandardContextValve.java:191)
	at org.apache.catalina.core.StandardHostValve.invoke(StandardHostValve.java:127)
	at org.apache.catalina.valves.ErrorReportValve.invoke(ErrorReportValve.java:103)
	at org.apache.catalina.core.StandardEngineValve.invoke(StandardEngineValve.java:109)
	at org.apache.catalina.connector.CoyoteAdapter.service(CoyoteAdapter.java:293)
	at org.apache.coyote.http11.Http11Processor.process(Http11Processor.java:861)
	at org.apache.coyote.http11.Http11Protocol$Http11ConnectionHandler.process(Http11Protocol.java:606)
	at org.apache.tomcat.util.net.JIoEndpoint$Worker.run(JIoEndpoint.java:489)
	at java.lang.Thread.run(Thread.java:619)
2013-9-22 9:26:25 org.apache.catalina.core.StandardWrapperValve invoke
严重: Servlet.service() for servlet jsp threw exception
org.apache.jasper.JasperException: The absolute uri: http://java.sun.com/jsp/jstl/core cannot be resolved in either web.xml or the jar files deployed with this application
	at org.apache.jasper.compiler.DefaultErrorHandler.jspError(DefaultErrorHandler.java:51)
	at org.apache.jasper.compiler.ErrorDispatcher.dispatch(ErrorDispatcher.java:409)
	at org.apache.jasper.compiler.ErrorDispatcher.jspError(ErrorDispatcher.java:116)
	at org.apache.jasper.compiler.TagLibraryInfoImpl.generateTLDLocation(TagLibraryInfoImpl.java:316)
	at org.apache.jasper.compiler.TagLibraryInfoImpl.<init>(TagLibraryInfoImpl.java:149)
	at org.apache.jasper.compiler.Parser.parseTaglibDirective(Parser.java:386)
	at org.apache.jasper.compiler.Parser.parseDirective(Parser.java:450)
	at org.apache.jasper.compiler.Parser.parseElements(Parser.java:1399)
	at org.apache.jasper.compiler.Parser.parse(Parser.java:130)
	at org.apache.jasper.compiler.ParserController.doParse(ParserController.java:255)
	at org.apache.jasper.compiler.ParserController.parse(ParserController.java:103)
	at org.apache.jasper.compiler.Compiler.generateJava(Compiler.java:185)
	at org.apache.jasper.compiler.Compiler.compile(Compiler.java:354)
	at org.apache.jasper.compiler.Compiler.compile(Compiler.java:334)
	at org.apache.jasper.compiler.Compiler.compile(Compiler.java:321)
	at org.apache.jasper.JspCompilationContext.compile(JspCompilationContext.java:592)
	at org.apache.jasper.servlet.JspServletWrapper.service(JspServletWrapper.java:328)
	at org.apache.jasper.servlet.JspServlet.serviceJspFile(JspServlet.java:313)
	at org.apache.jasper.servlet.JspServlet.service(JspServlet.java:260)
	at javax.servlet.http.HttpServlet.service(HttpServlet.java:723)
	at org.apache.catalina.core.ApplicationFilterChain.internalDoFilter(ApplicationFilterChain.java:290)
	at org.apache.catalina.core.ApplicationFilterChain.doFilter(ApplicationFilterChain.java:206)
	at com.boyang.chenweida.filter.DateHeaderFilfer.doFilter(DateHeaderFilfer.java:25)
	at org.apache.catalina.core.ApplicationFilterChain.internalDoFilter(ApplicationFilterChain.java:235)
	at org.apache.catalina.core.ApplicationFilterChain.doFilter(ApplicationFilterChain.java:206)
	at org.apache.catalina.core.StandardWrapperValve.invoke(StandardWrapperValve.java:233)
	at org.apache.catalina.core.StandardContextValve.invoke(StandardContextValve.java:191)
	at org.apache.catalina.core.StandardHostValve.invoke(StandardHostValve.java:127)
	at org.apache.catalina.valves.ErrorReportValve.invoke(ErrorReportValve.java:103)
	at org.apache.catalina.core.StandardEngineValve.invoke(StandardEngineValve.java:109)
	at org.apache.catalina.connector.CoyoteAdapter.service(CoyoteAdapter.java:293)
	at org.apache.coyote.http11.Http11Processor.process(Http11Processor.java:861)
	at org.apache.coyote.http11.Http11Protocol$Http11ConnectionHandler.process(Http11Protocol.java:606)
	at org.apache.tomcat.util.net.JIoEndpoint$Worker.run(JIoEndpoint.java:489)
	at java.lang.Thread.run(Thread.java:619)
2013-9-22 9:31:24 org.apache.catalina.core.ApplicationContext log
信息: ContextListener: contextInitialized()
2013-9-22 9:31:24 org.apache.catalina.core.ApplicationContext log
信息: SessionListener: contextInitialized()
2013-9-22 9:36:02 org.apache.catalina.core.ApplicationContext log
信息: ContextListener: contextInitialized()
2013-9-22 9:36:02 org.apache.catalina.core.ApplicationContext log
信息: SessionListener: contextInitialized()
2013-9-22 11:47:11 org.apache.catalina.core.ApplicationContext log
信息: ContextListener: contextInitialized()
2013-9-22 11:47:11 org.apache.catalina.core.ApplicationContext log
信息: SessionListener: contextInitialized()
