2014-1-1 23:13:29 org.apache.catalina.core.ApplicationContext log
信息: Initializing Spring root WebApplicationContext
2014-1-1 23:13:32 org.apache.catalina.core.StandardContext listenerStart
严重: Exception sending context initialized event to listener instance of class org.springframework.web.context.ContextLoaderListener
org.springframework.beans.factory.BeanCreationException: Error creating bean with name 'dataSource': Invocation of init method failed; nested exception is javax.naming.NameNotFoundException: Name jdbc is not bound in this Context
	at org.springframework.beans.factory.support.AbstractAutowireCapableBeanFactory.initializeBean(AbstractAutowireCapableBeanFactory.java:1403)
	at org.springframework.beans.factory.support.AbstractAutowireCapableBeanFactory.doCreateBean(AbstractAutowireCapableBeanFactory.java:513)
	at org.springframework.beans.factory.support.AbstractAutowireCapableBeanFactory.createBean(AbstractAutowireCapableBeanFactory.java:450)
	at org.springframework.beans.factory.support.AbstractBeanFactory$1.getObject(AbstractBeanFactory.java:290)
	at org.springframework.beans.factory.support.DefaultSingletonBeanRegistry.getSingleton(DefaultSingletonBeanRegistry.java:222)
	at org.springframework.beans.factory.support.AbstractBeanFactory.doGetBean(AbstractBeanFactory.java:287)
	at org.springframework.beans.factory.support.AbstractBeanFactory.getBean(AbstractBeanFactory.java:189)
	at org.springframework.beans.factory.support.DefaultListableBeanFactory.preInstantiateSingletons(DefaultListableBeanFactory.java:545)
	at org.springframework.context.support.AbstractApplicationContext.finishBeanFactoryInitialization(AbstractApplicationContext.java:871)
	at org.springframework.context.support.AbstractApplicationContext.refresh(AbstractApplicationContext.java:423)
	at org.springframework.web.context.ContextLoader.createWebApplicationContext(ContextLoader.java:272)
	at org.springframework.web.context.ContextLoader.initWebApplicationContext(ContextLoader.java:196)
	at org.springframework.web.context.ContextLoaderListener.contextInitialized(ContextLoaderListener.java:47)
	at org.apache.catalina.core.StandardContext.listenerStart(StandardContext.java:4206)
	at org.apache.catalina.core.StandardContext.start(StandardContext.java:4705)
	at org.apache.catalina.core.ContainerBase.addChildInternal(ContainerBase.java:799)
	at org.apache.catalina.core.ContainerBase.addChild(ContainerBase.java:779)
	at org.apache.catalina.core.StandardHost.addChild(StandardHost.java:601)
	at org.apache.catalina.startup.HostConfig.deployWAR(HostConfig.java:943)
	at org.apache.catalina.startup.HostConfig.deployWARs(HostConfig.java:778)
	at org.apache.catalina.startup.HostConfig.deployApps(HostConfig.java:504)
	at org.apache.catalina.startup.HostConfig.start(HostConfig.java:1317)
	at org.apache.catalina.startup.HostConfig.lifecycleEvent(HostConfig.java:324)
	at org.apache.catalina.util.LifecycleSupport.fireLifecycleEvent(LifecycleSupport.java:142)
	at org.apache.catalina.core.ContainerBase.start(ContainerBase.java:1065)
	at org.apache.catalina.core.StandardHost.start(StandardHost.java:840)
	at org.apache.catalina.core.ContainerBase.start(ContainerBase.java:1057)
	at org.apache.catalina.core.StandardEngine.start(StandardEngine.java:463)
	at org.apache.catalina.core.StandardService.start(StandardService.java:525)
	at org.apache.catalina.core.StandardServer.start(StandardServer.java:754)
	at org.apache.catalina.startup.Catalina.start(Catalina.java:595)
	at sun.reflect.NativeMethodAccessorImpl.invoke0(Native Method)
	at sun.reflect.NativeMethodAccessorImpl.invoke(NativeMethodAccessorImpl.java:39)
	at sun.reflect.DelegatingMethodAccessorImpl.invoke(DelegatingMethodAccessorImpl.java:25)
	at java.lang.reflect.Method.invoke(Method.java:597)
	at org.apache.catalina.startup.Bootstrap.start(Bootstrap.java:289)
	at org.apache.catalina.startup.Bootstrap.main(Bootstrap.java:414)
Caused by: javax.naming.NameNotFoundException: Name jdbc is not bound in this Context
	at org.apache.naming.NamingContext.lookup(NamingContext.java:770)
	at org.apache.naming.NamingContext.lookup(NamingContext.java:140)
	at org.apache.naming.NamingContext.lookup(NamingContext.java:781)
	at org.apache.naming.NamingContext.lookup(NamingContext.java:140)
	at org.apache.naming.NamingContext.lookup(NamingContext.java:781)
	at org.apache.naming.NamingContext.lookup(NamingContext.java:153)
	at org.apache.naming.SelectorContext.lookup(SelectorContext.java:152)
	at javax.naming.InitialContext.lookup(InitialContext.java:392)
	at org.springframework.jndi.JndiTemplate$1.doInContext(JndiTemplate.java:154)
	at org.springframework.jndi.JndiTemplate.execute(JndiTemplate.java:87)
	at org.springframework.jndi.JndiTemplate.lookup(JndiTemplate.java:152)
	at org.springframework.jndi.JndiTemplate.lookup(JndiTemplate.java:178)
	at org.springframework.jndi.JndiLocatorSupport.lookup(JndiLocatorSupport.java:95)
	at org.springframework.jndi.JndiObjectLocator.lookup(JndiObjectLocator.java:105)
	at org.springframework.jndi.JndiObjectFactoryBean.lookupWithFallback(JndiObjectFactoryBean.java:201)
	at org.springframework.jndi.JndiObjectFactoryBean.afterPropertiesSet(JndiObjectFactoryBean.java:187)
	at org.springframework.beans.factory.support.AbstractAutowireCapableBeanFactory.invokeInitMethods(AbstractAutowireCapableBeanFactory.java:1460)
	at org.springframework.beans.factory.support.AbstractAutowireCapableBeanFactory.initializeBean(AbstractAutowireCapableBeanFactory.java:1400)
	... 36 more
2014-1-1 23:13:32 org.apache.catalina.core.ApplicationContext log
信息: Closing Spring root WebApplicationContext
2014-1-1 23:13:40 org.apache.catalina.core.ApplicationContext log
信息: Initializing Spring root WebApplicationContext
2014-1-1 23:15:45 org.apache.catalina.core.ApplicationContext log
信息: Initializing Spring root WebApplicationContext
2014-1-1 23:15:49 org.apache.catalina.core.ApplicationContext log
信息: Initializing Spring root WebApplicationContext
2014-1-1 23:41:21 org.apache.catalina.core.ApplicationContext log
信息: Initializing Spring root WebApplicationContext
