
Creating table MENUROLE
=======================


表已创建。


表已更改。


表已更改。


索引已创建。


索引已创建。


Creating table TCONTRACT
========================


表已创建。


表已更改。


表已更改。


索引已创建。


Creating table TDICTIONARY
==========================


表已创建。


表已更改。


表已更改。


Creating table TELECTRICMONEY
=============================


表已创建。


表已更改。


表已更改。


索引已创建。


Creating table TEMAIL
=====================


表已创建。


表已更改。


表已更改。


Creating table TEMAILATTACH
===========================


表已创建。


表已更改。


表已更改。


索引已创建。


Creating table THOUSEMONEY
==========================


表已创建。


表已更改。


Creating table TMENU
====================


表已创建。


表已更改。


表已更改。


Creating table TNOTICE
======================


表已创建。


表已更改。


表已更改。


索引已创建。


索引已创建。


Creating table TNOTICEATTACH
============================


表已创建。


表已更改。


表已更改。


索引已创建。


Creating table TROLE
====================


表已创建。


表已更改。


表已更改。


Creating table TSENDUSER
========================


表已创建。


表已更改。


表已更改。


Creating table TTIP
===================


表已创建。


索引已创建。


Creating table TUSEREMAIL
=========================


表已创建。


表已更改。


表已更改。


索引已创建。


索引已创建。


Creating table TUSERFAMILY
==========================


表已创建。


表已更改。


表已更改。


索引已创建。


Creating table TUSERINFO
========================


表已创建。


表已更改。


表已更改。


Creating table TUSERNOTICE
==========================


表已创建。


索引已创建。


索引已创建。


Creating table TWATERMONEY
==========================


表已创建。


表已更改。


表已更改。


索引已创建。


Creating table USER_ROLE
========================


表已创建。


表已更改。


表已更改。


索引已创建。


索引已创建。


Creating sequence SEQ_ATTACH
============================


序列已创建。


Creating sequence SEQ_DICTIONRY
===============================


序列已创建。


Creating sequence SEQ_ELEC
==========================


序列已创建。


Creating sequence SEQ_EMAIL
===========================


序列已创建。


Creating sequence SEQ_EMAILATTACH
=================================


序列已创建。


Creating sequence SEQ_EMAILSTATUS
=================================


序列已创建。


Creating sequence SEQ_FAMILY
============================


序列已创建。


Creating sequence SEQ_HOUSEMONEY
================================


序列已创建。


Creating sequence SEQ_MENU
==========================


序列已创建。


Creating sequence SEQ_NOTICE
============================


序列已创建。


Creating sequence SEQ_ROLE
==========================


序列已创建。


Creating sequence SEQ_SENDUSER
==============================


序列已创建。


Creating sequence SEQ_TCONTRACT
===============================


序列已创建。


Creating sequence SEQ_USER
==========================


序列已创建。


Creating sequence SEQ_WATER
===========================


序列已创建。

